<?xml version="1.0" encoding="utf-8"?><testsuites><testsuite name="pytest" errors="0" failures="0" skipped="0" tests="29" time="1.349" timestamp="2025-05-28T19:44:07.211326+00:00" hostname="3de4b42584d3"><testcase classname="apps.core.tests.unit.test_admin.TestCustomUserAdmin" name="test_save_related_calls_save" time="0.458" /><testcase classname="apps.core.tests.unit.test_admin.TestCustomUserAdmin" name="test_save_related_calls_super" time="0.005" /><testcase classname="apps.core.tests.unit.test_admin.TestCustomUserAdmin" name="test_save_related_calls_sync_group_with_role" time="0.004" /><testcase classname="apps.core.tests.unit.test_admin.TestCompanyAdmin" name="test_primary_address_city_with_primary_address" time="0.005" /><testcase classname="apps.core.tests.unit.test_admin.TestCompanyAdmin" name="test_primary_address_city_without_primary_address" time="0.002" /><testcase classname="apps.core.tests.unit.test_models.TestCustomUser" name="test_sync_group_with_role_admin" time="0.012" /><testcase classname="apps.core.tests.unit.test_models.TestCustomUser" name="test_sync_group_with_role_multiple_calls" time="0.007" /><testcase classname="apps.core.tests.unit.test_models.TestCustomUser" name="test_sync_group_with_role_change" time="0.009" /><testcase classname="apps.core.tests.unit.test_models.TestCustomUser" name="test_sync_group_with_role_all_roles[admin-Admin]" time="0.007" /><testcase classname="apps.core.tests.unit.test_models.TestCustomUser" name="test_sync_group_with_role_all_roles[manager-Manager]" time="0.006" /><testcase classname="apps.core.tests.unit.test_models.TestCustomUser" name="test_sync_group_with_role_all_roles[worker-Worker]" time="0.006" /><testcase classname="apps.core.tests.unit.test_models.TestCustomUser" name="test_sync_group_with_role_all_roles[viewer-Viewer]" time="0.007" /><testcase classname="apps.core.tests.unit.test_models.TestCustomUser" name="test_sync_group_with_role_all_roles[owner-Owner]" time="0.006" /><testcase classname="apps.core.tests.unit.test_models.TestCompany" name="test_get_address_by_type" time="0.011" /><testcase classname="apps.core.tests.unit.test_models.TestCompany" name="test_get_address_by_type_no_addresses" time="0.006" /><testcase classname="apps.core.tests.unit.test_models.TestCompany" name="test_primary_address_exists" time="0.006" /><testcase classname="apps.core.tests.unit.test_models.TestCompany" name="test_primary_address_no_office" time="0.005" /><testcase classname="apps.core.tests.unit.test_models.TestCompany" name="test_shipping_address_exists" time="0.006" /><testcase classname="apps.core.tests.unit.test_models.TestCompany" name="test_shipping_address_no_billing" time="0.005" /><testcase classname="apps.core.tests.unit.test_models.TestAddress" name="test_full_address" time="0.005" /><testcase classname="apps.core.tests.unit.test_serializers.TestUserSerializer" name="test_get_company_name[company0-Test Company]" time="0.004" /><testcase classname="apps.core.tests.unit.test_serializers.TestUserSerializer" name="test_get_company_name[None-None]" time="0.003" /><testcase classname="apps.core.tests.unit.test_serializers.TestUserSerializer" name="test_update_user[update_data0-True]" time="0.003" /><testcase classname="apps.core.tests.unit.test_serializers.TestUserSerializer" name="test_update_user[update_data1-False]" time="0.004" /><testcase classname="apps.core.tests.unit.test_serializers.TestUserSerializer" name="test_create_user" time="0.355" /><testcase classname="apps.core.tests.unit.test_permissions" name="test_has_object_permission_authenticated_user_same_company" time="0.001" /><testcase classname="apps.core.tests.unit.test_permissions" name="test_has_object_permission_unauthenticated_user" time="0.001" /><testcase classname="apps.core.tests.unit.test_permissions" name="test_has_object_permission_no_company_attribute" time="0.001" /><testcase classname="apps.core.tests.unit.test_permissions" name="test_has_object_permission_different_company" time="0.019" /></testsuite></testsuites>
